<?xml version="1.0" encoding="UTF-8"?>
<testsuite xmlns:xsi="http://www.w3.org/2001/XMLSchema-instance" xsi:noNamespaceSchemaLocation="https://maven.apache.org/surefire/maven-surefire-plugin/xsd/surefire-test-report-3.0.xsd" version="3.0" name="WebsiteTest" time="3.075" tests="1" errors="0" skipped="0" failures="0">
  <properties>
    <property name="java.specification.version" value="21"/>
    <property name="webdriver.chrome.driver" value="/Users/cassioatrindade/.cache/selenium/chromedriver/mac-arm64/134.0.6998.165/chromedriver"/>
    <property name="sun.jnu.encoding" value="UTF-8"/>
    <property name="java.class.path" value="/Users/cassioatrindade/git/plataforma/target/test-classes:/Users/cassioatrindade/git/plataforma/target/classes:/Users/cassioatrindade/.m2/repository/org/seleniumhq/selenium/selenium-java/4.16.0/selenium-java-4.16.0.jar:/Users/cassioatrindade/.m2/repository/org/seleniumhq/selenium/selenium-api/4.16.0/selenium-api-4.16.0.jar:/Users/cassioatrindade/.m2/repository/org/seleniumhq/selenium/selenium-chrome-driver/4.16.0/selenium-chrome-driver-4.16.0.jar:/Users/cassioatrindade/.m2/repository/com/google/auto/service/auto-service-annotations/1.1.1/auto-service-annotations-1.1.1.jar:/Users/cassioatrindade/.m2/repository/org/seleniumhq/selenium/selenium-chromium-driver/4.16.0/selenium-chromium-driver-4.16.0.jar:/Users/cassioatrindade/.m2/repository/org/seleniumhq/selenium/selenium-json/4.16.0/selenium-json-4.16.0.jar:/Users/cassioatrindade/.m2/repository/org/seleniumhq/selenium/selenium-manager/4.16.0/selenium-manager-4.16.0.jar:/Users/cassioatrindade/.m2/repository/org/seleniumhq/selenium/selenium-devtools-v118/4.16.0/selenium-devtools-v118-4.16.0.jar:/Users/cassioatrindade/.m2/repository/org/seleniumhq/selenium/selenium-devtools-v119/4.16.0/selenium-devtools-v119-4.16.0.jar:/Users/cassioatrindade/.m2/repository/org/seleniumhq/selenium/selenium-devtools-v120/4.16.0/selenium-devtools-v120-4.16.0.jar:/Users/cassioatrindade/.m2/repository/org/seleniumhq/selenium/selenium-devtools-v85/4.16.0/selenium-devtools-v85-4.16.0.jar:/Users/cassioatrindade/.m2/repository/org/seleniumhq/selenium/selenium-edge-driver/4.16.0/selenium-edge-driver-4.16.0.jar:/Users/cassioatrindade/.m2/repository/org/seleniumhq/selenium/selenium-firefox-driver/4.16.0/selenium-firefox-driver-4.16.0.jar:/Users/cassioatrindade/.m2/repository/org/seleniumhq/selenium/selenium-http/4.16.0/selenium-http-4.16.0.jar:/Users/cassioatrindade/.m2/repository/dev/failsafe/failsafe/3.3.2/failsafe-3.3.2.jar:/Users/cassioatrindade/.m2/repository/org/seleniumhq/selenium/selenium-ie-driver/4.16.0/selenium-ie-driver-4.16.0.jar:/Users/cassioatrindade/.m2/repository/org/seleniumhq/selenium/selenium-remote-driver/4.16.0/selenium-remote-driver-4.16.0.jar:/Users/cassioatrindade/.m2/repository/com/google/guava/guava/32.1.2-jre/guava-32.1.2-jre.jar:/Users/cassioatrindade/.m2/repository/com/google/guava/failureaccess/1.0.1/failureaccess-1.0.1.jar:/Users/cassioatrindade/.m2/repository/com/google/guava/listenablefuture/9999.0-empty-to-avoid-conflict-with-guava/listenablefuture-9999.0-empty-to-avoid-conflict-with-guava.jar:/Users/cassioatrindade/.m2/repository/com/google/code/findbugs/jsr305/3.0.2/jsr305-3.0.2.jar:/Users/cassioatrindade/.m2/repository/org/checkerframework/checker-qual/3.33.0/checker-qual-3.33.0.jar:/Users/cassioatrindade/.m2/repository/com/google/errorprone/error_prone_annotations/2.18.0/error_prone_annotations-2.18.0.jar:/Users/cassioatrindade/.m2/repository/com/google/j2objc/j2objc-annotations/2.8/j2objc-annotations-2.8.jar:/Users/cassioatrindade/.m2/repository/io/opentelemetry/opentelemetry-api/1.28.0/opentelemetry-api-1.28.0.jar:/Users/cassioatrindade/.m2/repository/io/opentelemetry/opentelemetry-context/1.28.0/opentelemetry-context-1.28.0.jar:/Users/cassioatrindade/.m2/repository/io/opentelemetry/opentelemetry-exporter-logging/1.28.0/opentelemetry-exporter-logging-1.28.0.jar:/Users/cassioatrindade/.m2/repository/io/opentelemetry/opentelemetry-sdk-metrics/1.28.0/opentelemetry-sdk-metrics-1.28.0.jar:/Users/cassioatrindade/.m2/repository/io/opentelemetry/opentelemetry-extension-incubator/1.28.0-alpha/opentelemetry-extension-incubator-1.28.0-alpha.jar:/Users/cassioatrindade/.m2/repository/io/opentelemetry/opentelemetry-sdk-logs/1.28.0/opentelemetry-sdk-logs-1.28.0.jar:/Users/cassioatrindade/.m2/repository/io/opentelemetry/opentelemetry-sdk-common/1.28.0/opentelemetry-sdk-common-1.28.0.jar:/Users/cassioatrindade/.m2/repository/io/opentelemetry/opentelemetry-sdk-extension-autoconfigure-spi/1.28.0/opentelemetry-sdk-extension-autoconfigure-spi-1.28.0.jar:/Users/cassioatrindade/.m2/repository/io/opentelemetry/opentelemetry-sdk-extension-autoconfigure/1.28.0/opentelemetry-sdk-extension-autoconfigure-1.28.0.jar:/Users/cassioatrindade/.m2/repository/io/opentelemetry/opentelemetry-api-events/1.28.0-alpha/opentelemetry-api-events-1.28.0-alpha.jar:/Users/cassioatrindade/.m2/repository/io/opentelemetry/opentelemetry-sdk-trace/1.28.0/opentelemetry-sdk-trace-1.28.0.jar:/Users/cassioatrindade/.m2/repository/io/opentelemetry/opentelemetry-sdk/1.28.0/opentelemetry-sdk-1.28.0.jar:/Users/cassioatrindade/.m2/repository/io/opentelemetry/opentelemetry-semconv/1.28.0-alpha/opentelemetry-semconv-1.28.0-alpha.jar:/Users/cassioatrindade/.m2/repository/net/bytebuddy/byte-buddy/1.14.5/byte-buddy-1.14.5.jar:/Users/cassioatrindade/.m2/repository/org/seleniumhq/selenium/selenium-os/4.16.0/selenium-os-4.16.0.jar:/Users/cassioatrindade/.m2/repository/org/apache/commons/commons-exec/1.3/commons-exec-1.3.jar:/Users/cassioatrindade/.m2/repository/org/seleniumhq/selenium/selenium-safari-driver/4.16.0/selenium-safari-driver-4.16.0.jar:/Users/cassioatrindade/.m2/repository/org/seleniumhq/selenium/selenium-support/4.16.0/selenium-support-4.16.0.jar:/Users/cassioatrindade/.m2/repository/org/junit/jupiter/junit-jupiter-api/5.8.1/junit-jupiter-api-5.8.1.jar:/Users/cassioatrindade/.m2/repository/org/opentest4j/opentest4j/1.2.0/opentest4j-1.2.0.jar:/Users/cassioatrindade/.m2/repository/org/junit/platform/junit-platform-commons/1.8.1/junit-platform-commons-1.8.1.jar:/Users/cassioatrindade/.m2/repository/org/apiguardian/apiguardian-api/1.1.2/apiguardian-api-1.1.2.jar:/Users/cassioatrindade/.m2/repository/org/junit/jupiter/junit-jupiter-engine/5.8.1/junit-jupiter-engine-5.8.1.jar:/Users/cassioatrindade/.m2/repository/org/junit/platform/junit-platform-engine/1.8.1/junit-platform-engine-1.8.1.jar:/Users/cassioatrindade/.m2/repository/io/github/bonigarcia/webdrivermanager/5.6.3/webdrivermanager-5.6.3.jar:/Users/cassioatrindade/.m2/repository/org/slf4j/slf4j-api/2.0.10/slf4j-api-2.0.10.jar:/Users/cassioatrindade/.m2/repository/com/google/code/gson/gson/2.10.1/gson-2.10.1.jar:/Users/cassioatrindade/.m2/repository/com/github/docker-java/docker-java/3.3.4/docker-java-3.3.4.jar:/Users/cassioatrindade/.m2/repository/com/github/docker-java/docker-java-core/3.3.4/docker-java-core-3.3.4.jar:/Users/cassioatrindade/.m2/repository/com/github/docker-java/docker-java-api/3.3.4/docker-java-api-3.3.4.jar:/Users/cassioatrindade/.m2/repository/com/fasterxml/jackson/core/jackson-annotations/2.10.3/jackson-annotations-2.10.3.jar:/Users/cassioatrindade/.m2/repository/commons-io/commons-io/2.13.0/commons-io-2.13.0.jar:/Users/cassioatrindade/.m2/repository/com/fasterxml/jackson/core/jackson-databind/2.10.3/jackson-databind-2.10.3.jar:/Users/cassioatrindade/.m2/repository/com/fasterxml/jackson/core/jackson-core/2.10.3/jackson-core-2.10.3.jar:/Users/cassioatrindade/.m2/repository/org/bouncycastle/bcpkix-jdk18on/1.76/bcpkix-jdk18on-1.76.jar:/Users/cassioatrindade/.m2/repository/org/bouncycastle/bcprov-jdk18on/1.76/bcprov-jdk18on-1.76.jar:/Users/cassioatrindade/.m2/repository/org/bouncycastle/bcutil-jdk18on/1.76/bcutil-jdk18on-1.76.jar:/Users/cassioatrindade/.m2/repository/org/slf4j/jcl-over-slf4j/1.7.30/jcl-over-slf4j-1.7.30.jar:/Users/cassioatrindade/.m2/repository/com/github/docker-java/docker-java-transport-httpclient5/3.3.4/docker-java-transport-httpclient5-3.3.4.jar:/Users/cassioatrindade/.m2/repository/com/github/docker-java/docker-java-transport/3.3.4/docker-java-transport-3.3.4.jar:/Users/cassioatrindade/.m2/repository/net/java/dev/jna/jna/5.13.0/jna-5.13.0.jar:/Users/cassioatrindade/.m2/repository/org/brotli/dec/0.1.2/dec-0.1.2.jar:/Users/cassioatrindade/.m2/repository/org/apache/commons/commons-lang3/3.14.0/commons-lang3-3.14.0.jar:/Users/cassioatrindade/.m2/repository/org/apache/commons/commons-compress/1.25.0/commons-compress-1.25.0.jar:/Users/cassioatrindade/.m2/repository/org/apache/httpcomponents/client5/httpclient5/5.2.1/httpclient5-5.2.1.jar:/Users/cassioatrindade/.m2/repository/org/apache/httpcomponents/core5/httpcore5/5.2/httpcore5-5.2.jar:/Users/cassioatrindade/.m2/repository/org/apache/httpcomponents/core5/httpcore5-h2/5.2/httpcore5-h2-5.2.jar:"/>
    <property name="java.vm.vendor" value="Eclipse Adoptium"/>
    <property name="sun.arch.data.model" value="64"/>
    <property name="java.vendor.url" value="https://adoptium.net/"/>
    <property name="user.timezone" value="America/Sao_Paulo"/>
    <property name="os.name" value="Mac OS X"/>
    <property name="java.vm.specification.version" value="21"/>
    <property name="sun.java.launcher" value="SUN_STANDARD"/>
    <property name="user.country" value="BR"/>
    <property name="sun.boot.library.path" value="/Library/Java/JavaVirtualMachines/temurin-21.jdk/Contents/Home/lib"/>
    <property name="sun.java.command" value="/Users/cassioatrindade/git/plataforma/target/surefire/surefirebooter-20250327212841012_3.jar /Users/cassioatrindade/git/plataforma/target/surefire 2025-03-27T21-28-40_954-jvmRun1 surefire-20250327212841012_1tmp surefire_0-20250327212841012_2tmp"/>
    <property name="http.nonProxyHosts" value="local|*.local|169.254/16|*.169.254/16"/>
    <property name="jdk.debug" value="release"/>
    <property name="surefire.test.class.path" value="/Users/cassioatrindade/git/plataforma/target/test-classes:/Users/cassioatrindade/git/plataforma/target/classes:/Users/cassioatrindade/.m2/repository/org/seleniumhq/selenium/selenium-java/4.16.0/selenium-java-4.16.0.jar:/Users/cassioatrindade/.m2/repository/org/seleniumhq/selenium/selenium-api/4.16.0/selenium-api-4.16.0.jar:/Users/cassioatrindade/.m2/repository/org/seleniumhq/selenium/selenium-chrome-driver/4.16.0/selenium-chrome-driver-4.16.0.jar:/Users/cassioatrindade/.m2/repository/com/google/auto/service/auto-service-annotations/1.1.1/auto-service-annotations-1.1.1.jar:/Users/cassioatrindade/.m2/repository/org/seleniumhq/selenium/selenium-chromium-driver/4.16.0/selenium-chromium-driver-4.16.0.jar:/Users/cassioatrindade/.m2/repository/org/seleniumhq/selenium/selenium-json/4.16.0/selenium-json-4.16.0.jar:/Users/cassioatrindade/.m2/repository/org/seleniumhq/selenium/selenium-manager/4.16.0/selenium-manager-4.16.0.jar:/Users/cassioatrindade/.m2/repository/org/seleniumhq/selenium/selenium-devtools-v118/4.16.0/selenium-devtools-v118-4.16.0.jar:/Users/cassioatrindade/.m2/repository/org/seleniumhq/selenium/selenium-devtools-v119/4.16.0/selenium-devtools-v119-4.16.0.jar:/Users/cassioatrindade/.m2/repository/org/seleniumhq/selenium/selenium-devtools-v120/4.16.0/selenium-devtools-v120-4.16.0.jar:/Users/cassioatrindade/.m2/repository/org/seleniumhq/selenium/selenium-devtools-v85/4.16.0/selenium-devtools-v85-4.16.0.jar:/Users/cassioatrindade/.m2/repository/org/seleniumhq/selenium/selenium-edge-driver/4.16.0/selenium-edge-driver-4.16.0.jar:/Users/cassioatrindade/.m2/repository/org/seleniumhq/selenium/selenium-firefox-driver/4.16.0/selenium-firefox-driver-4.16.0.jar:/Users/cassioatrindade/.m2/repository/org/seleniumhq/selenium/selenium-http/4.16.0/selenium-http-4.16.0.jar:/Users/cassioatrindade/.m2/repository/dev/failsafe/failsafe/3.3.2/failsafe-3.3.2.jar:/Users/cassioatrindade/.m2/repository/org/seleniumhq/selenium/selenium-ie-driver/4.16.0/selenium-ie-driver-4.16.0.jar:/Users/cassioatrindade/.m2/repository/org/seleniumhq/selenium/selenium-remote-driver/4.16.0/selenium-remote-driver-4.16.0.jar:/Users/cassioatrindade/.m2/repository/com/google/guava/guava/32.1.2-jre/guava-32.1.2-jre.jar:/Users/cassioatrindade/.m2/repository/com/google/guava/failureaccess/1.0.1/failureaccess-1.0.1.jar:/Users/cassioatrindade/.m2/repository/com/google/guava/listenablefuture/9999.0-empty-to-avoid-conflict-with-guava/listenablefuture-9999.0-empty-to-avoid-conflict-with-guava.jar:/Users/cassioatrindade/.m2/repository/com/google/code/findbugs/jsr305/3.0.2/jsr305-3.0.2.jar:/Users/cassioatrindade/.m2/repository/org/checkerframework/checker-qual/3.33.0/checker-qual-3.33.0.jar:/Users/cassioatrindade/.m2/repository/com/google/errorprone/error_prone_annotations/2.18.0/error_prone_annotations-2.18.0.jar:/Users/cassioatrindade/.m2/repository/com/google/j2objc/j2objc-annotations/2.8/j2objc-annotations-2.8.jar:/Users/cassioatrindade/.m2/repository/io/opentelemetry/opentelemetry-api/1.28.0/opentelemetry-api-1.28.0.jar:/Users/cassioatrindade/.m2/repository/io/opentelemetry/opentelemetry-context/1.28.0/opentelemetry-context-1.28.0.jar:/Users/cassioatrindade/.m2/repository/io/opentelemetry/opentelemetry-exporter-logging/1.28.0/opentelemetry-exporter-logging-1.28.0.jar:/Users/cassioatrindade/.m2/repository/io/opentelemetry/opentelemetry-sdk-metrics/1.28.0/opentelemetry-sdk-metrics-1.28.0.jar:/Users/cassioatrindade/.m2/repository/io/opentelemetry/opentelemetry-extension-incubator/1.28.0-alpha/opentelemetry-extension-incubator-1.28.0-alpha.jar:/Users/cassioatrindade/.m2/repository/io/opentelemetry/opentelemetry-sdk-logs/1.28.0/opentelemetry-sdk-logs-1.28.0.jar:/Users/cassioatrindade/.m2/repository/io/opentelemetry/opentelemetry-sdk-common/1.28.0/opentelemetry-sdk-common-1.28.0.jar:/Users/cassioatrindade/.m2/repository/io/opentelemetry/opentelemetry-sdk-extension-autoconfigure-spi/1.28.0/opentelemetry-sdk-extension-autoconfigure-spi-1.28.0.jar:/Users/cassioatrindade/.m2/repository/io/opentelemetry/opentelemetry-sdk-extension-autoconfigure/1.28.0/opentelemetry-sdk-extension-autoconfigure-1.28.0.jar:/Users/cassioatrindade/.m2/repository/io/opentelemetry/opentelemetry-api-events/1.28.0-alpha/opentelemetry-api-events-1.28.0-alpha.jar:/Users/cassioatrindade/.m2/repository/io/opentelemetry/opentelemetry-sdk-trace/1.28.0/opentelemetry-sdk-trace-1.28.0.jar:/Users/cassioatrindade/.m2/repository/io/opentelemetry/opentelemetry-sdk/1.28.0/opentelemetry-sdk-1.28.0.jar:/Users/cassioatrindade/.m2/repository/io/opentelemetry/opentelemetry-semconv/1.28.0-alpha/opentelemetry-semconv-1.28.0-alpha.jar:/Users/cassioatrindade/.m2/repository/net/bytebuddy/byte-buddy/1.14.5/byte-buddy-1.14.5.jar:/Users/cassioatrindade/.m2/repository/org/seleniumhq/selenium/selenium-os/4.16.0/selenium-os-4.16.0.jar:/Users/cassioatrindade/.m2/repository/org/apache/commons/commons-exec/1.3/commons-exec-1.3.jar:/Users/cassioatrindade/.m2/repository/org/seleniumhq/selenium/selenium-safari-driver/4.16.0/selenium-safari-driver-4.16.0.jar:/Users/cassioatrindade/.m2/repository/org/seleniumhq/selenium/selenium-support/4.16.0/selenium-support-4.16.0.jar:/Users/cassioatrindade/.m2/repository/org/junit/jupiter/junit-jupiter-api/5.8.1/junit-jupiter-api-5.8.1.jar:/Users/cassioatrindade/.m2/repository/org/opentest4j/opentest4j/1.2.0/opentest4j-1.2.0.jar:/Users/cassioatrindade/.m2/repository/org/junit/platform/junit-platform-commons/1.8.1/junit-platform-commons-1.8.1.jar:/Users/cassioatrindade/.m2/repository/org/apiguardian/apiguardian-api/1.1.2/apiguardian-api-1.1.2.jar:/Users/cassioatrindade/.m2/repository/org/junit/jupiter/junit-jupiter-engine/5.8.1/junit-jupiter-engine-5.8.1.jar:/Users/cassioatrindade/.m2/repository/org/junit/platform/junit-platform-engine/1.8.1/junit-platform-engine-1.8.1.jar:/Users/cassioatrindade/.m2/repository/io/github/bonigarcia/webdrivermanager/5.6.3/webdrivermanager-5.6.3.jar:/Users/cassioatrindade/.m2/repository/org/slf4j/slf4j-api/2.0.10/slf4j-api-2.0.10.jar:/Users/cassioatrindade/.m2/repository/com/google/code/gson/gson/2.10.1/gson-2.10.1.jar:/Users/cassioatrindade/.m2/repository/com/github/docker-java/docker-java/3.3.4/docker-java-3.3.4.jar:/Users/cassioatrindade/.m2/repository/com/github/docker-java/docker-java-core/3.3.4/docker-java-core-3.3.4.jar:/Users/cassioatrindade/.m2/repository/com/github/docker-java/docker-java-api/3.3.4/docker-java-api-3.3.4.jar:/Users/cassioatrindade/.m2/repository/com/fasterxml/jackson/core/jackson-annotations/2.10.3/jackson-annotations-2.10.3.jar:/Users/cassioatrindade/.m2/repository/commons-io/commons-io/2.13.0/commons-io-2.13.0.jar:/Users/cassioatrindade/.m2/repository/com/fasterxml/jackson/core/jackson-databind/2.10.3/jackson-databind-2.10.3.jar:/Users/cassioatrindade/.m2/repository/com/fasterxml/jackson/core/jackson-core/2.10.3/jackson-core-2.10.3.jar:/Users/cassioatrindade/.m2/repository/org/bouncycastle/bcpkix-jdk18on/1.76/bcpkix-jdk18on-1.76.jar:/Users/cassioatrindade/.m2/repository/org/bouncycastle/bcprov-jdk18on/1.76/bcprov-jdk18on-1.76.jar:/Users/cassioatrindade/.m2/repository/org/bouncycastle/bcutil-jdk18on/1.76/bcutil-jdk18on-1.76.jar:/Users/cassioatrindade/.m2/repository/org/slf4j/jcl-over-slf4j/1.7.30/jcl-over-slf4j-1.7.30.jar:/Users/cassioatrindade/.m2/repository/com/github/docker-java/docker-java-transport-httpclient5/3.3.4/docker-java-transport-httpclient5-3.3.4.jar:/Users/cassioatrindade/.m2/repository/com/github/docker-java/docker-java-transport/3.3.4/docker-java-transport-3.3.4.jar:/Users/cassioatrindade/.m2/repository/net/java/dev/jna/jna/5.13.0/jna-5.13.0.jar:/Users/cassioatrindade/.m2/repository/org/brotli/dec/0.1.2/dec-0.1.2.jar:/Users/cassioatrindade/.m2/repository/org/apache/commons/commons-lang3/3.14.0/commons-lang3-3.14.0.jar:/Users/cassioatrindade/.m2/repository/org/apache/commons/commons-compress/1.25.0/commons-compress-1.25.0.jar:/Users/cassioatrindade/.m2/repository/org/apache/httpcomponents/client5/httpclient5/5.2.1/httpclient5-5.2.1.jar:/Users/cassioatrindade/.m2/repository/org/apache/httpcomponents/core5/httpcore5/5.2/httpcore5-5.2.jar:/Users/cassioatrindade/.m2/repository/org/apache/httpcomponents/core5/httpcore5-h2/5.2/httpcore5-h2-5.2.jar:"/>
    <property name="sun.cpu.endian" value="little"/>
    <property name="user.home" value="/Users/cassioatrindade"/>
    <property name="user.language" value="pt"/>
    <property name="java.specification.vendor" value="Oracle Corporation"/>
    <property name="java.version.date" value="2024-01-16"/>
    <property name="java.home" value="/Library/Java/JavaVirtualMachines/temurin-21.jdk/Contents/Home"/>
    <property name="file.separator" value="/"/>
    <property name="basedir" value="/Users/cassioatrindade/git/plataforma"/>
    <property name="java.vm.compressedOopsMode" value="Zero based"/>
    <property name="line.separator" value="&#10;"/>
    <property name="java.vm.specification.vendor" value="Oracle Corporation"/>
    <property name="java.specification.name" value="Java Platform API Specification"/>
    <property name="apple.awt.application.name" value="ForkedBooter"/>
    <property name="surefire.real.class.path" value="/Users/cassioatrindade/git/plataforma/target/surefire/surefirebooter-20250327212841012_3.jar"/>
    <property name="sun.management.compiler" value="HotSpot 64-Bit Tiered Compilers"/>
    <property name="ftp.nonProxyHosts" value="local|*.local|169.254/16|*.169.254/16"/>
    <property name="java.runtime.version" value="21.0.2+13-LTS"/>
    <property name="user.name" value="cassioatrindade"/>
    <property name="stdout.encoding" value="UTF-8"/>
    <property name="path.separator" value=":"/>
    <property name="os.version" value="15.3.1"/>
    <property name="java.runtime.name" value="OpenJDK Runtime Environment"/>
    <property name="file.encoding" value="UTF-8"/>
    <property name="java.vm.name" value="OpenJDK 64-Bit Server VM"/>
    <property name="java.vendor.version" value="Temurin-21.0.2+13"/>
    <property name="localRepository" value="/Users/cassioatrindade/.m2/repository"/>
    <property name="java.vendor.url.bug" value="https://github.com/adoptium/adoptium-support/issues"/>
    <property name="java.io.tmpdir" value="/var/folders/92/px4bz6sn091dw8v45fl7mp5m0000gn/T/"/>
    <property name="java.version" value="21.0.2"/>
    <property name="user.dir" value="/Users/cassioatrindade/git/plataforma"/>
    <property name="os.arch" value="aarch64"/>
    <property name="java.vm.specification.name" value="Java Virtual Machine Specification"/>
    <property name="native.encoding" value="UTF-8"/>
    <property name="java.library.path" value="/Users/cassioatrindade/Library/Java/Extensions:/Library/Java/Extensions:/Network/Library/Java/Extensions:/System/Library/Java/Extensions:/usr/lib/java:."/>
    <property name="java.vm.info" value="mixed mode"/>
    <property name="stderr.encoding" value="UTF-8"/>
    <property name="java.vendor" value="Eclipse Adoptium"/>
    <property name="java.vm.version" value="21.0.2+13-LTS"/>
    <property name="sun.io.unicode.encoding" value="UnicodeBig"/>
    <property name="socksNonProxyHosts" value="local|*.local|169.254/16|*.169.254/16"/>
    <property name="java.class.version" value="65.0"/>
  </properties>
  <testcase name="testWebsiteTitle" classname="WebsiteTest" time="3.063">
    <system-err><![CDATA[SLF4J(W): No SLF4J providers were found.
SLF4J(W): Defaulting to no-operation (NOP) logger implementation
SLF4J(W): See https://www.slf4j.org/codes.html#noProviders for further details.
mar. 27, 2025 9:28:42 PM org.openqa.selenium.devtools.CdpVersionFinder findNearestMatch
ADVERTÊNCIA: Unable to find CDP implementation matching 134
mar. 27, 2025 9:28:42 PM org.openqa.selenium.chromium.ChromiumDriver lambda$new$5
ADVERTÊNCIA: Unable to find version of CDP to use for 134.0.6998.166. You may need to include a dependency on a specific version of the CDP using something similar to `org.seleniumhq.selenium:selenium-devtools-v86:4.16.0` where the version ("v86") matches the version of the chromium-based browser you're using and the version number of the artifact is the same as Selenium's.
]]></system-err>
  </testcase>
</testsuite>